<?xml version="1.0" encoding="UTF-8"?>
<!-- Generated by org.testng.reporters.JUnitReportReporter -->
<testsuite skipped="0" hostname="manju-PC" name="com.base.AppiumDriver" tests="1" failures="0" timestamp="08 Apr 2020 15:24:43 GMT" time="9.497" errors="0">
  <testcase name="getAppiumDriver" time="9.497" classname="com.base.AppiumDriver"/>
</testsuite> <!-- com.base.AppiumDriver -->
