<?xml version="1.0" encoding="UTF-8"?>
<!-- Generated by org.testng.reporters.JUnitReportReporter -->
<testsuite skipped="0" hostname="manju-PC" name="com.ebay.testcase.EbayTestCase" tests="1" failures="0" timestamp="11 Apr 2020 12:42:40 GMT" time="533.808" errors="0">
  <testcase name="purchaseItem" time="533.808" classname="com.ebay.testcase.EbayTestCase"/>
</testsuite> <!-- com.ebay.testcase.EbayTestCase -->
