<?xml version="1.0" encoding="UTF-8"?>
<!-- Generated by org.testng.reporters.JUnitReportReporter -->
<testsuite skipped="0" hostname="manju-PC" name="com.base.AppiumDriverFactory" tests="1" failures="0" timestamp="08 Apr 2020 15:56:33 GMT" time="80.282" errors="0">
  <testcase name="getAppiumDriver" time="80.282" classname="com.base.AppiumDriverFactory"/>
</testsuite> <!-- com.base.AppiumDriverFactory -->
